"../../../Engine/Content/Animation/DefaultAnimCurveCompressionSettings.uasset" 0
"../../../Engine/Content/Functions/Engine_MaterialFunctions01/Opacity/CameraDepthFade.uasset" 1
"../../../Engine/Content/EngineMaterials/T_Default_Material_Grid_M.uasset" 2
"../../../Engine/Content/EngineMaterials/T_Default_Material_Grid_N.uasset" 3
"../../../Engine/Content/EngineMaterials/WorldGridMaterial.uasset" 4
"../../../Engine/Content/ArtTools/RenderToTexture/Meshes/S_1_Unit_Plane.uasset" 5
"../../../Engine/Content/EngineMaterials/DefaultMaterial.uasset" 6
"../../../Engine/Content/BasicShapes/Cone.uasset" 7
"../../../Engine/Content/BasicShapes/Cube.uasset" 8
"../../../Engine/Content/BasicShapes/Plane.uasset" 9
"../../../Engine/Content/EditorLandscapeResources/DataLayer.uasset" 10
"../../../Engine/Content/EditorMaterials/MAT_Groups_Toggle.uasset" 11
"../../../Engine/Content/EditorMaterials/MAT_Groups_Visibility.uasset" 12
"../../../Engine/Content/EditorMaterials/PreviewShadowIndicator.uasset" 13
"../../../Engine/Content/EditorMaterials/PreviewShadowIndicatorMaterial.uasset" 14
"../../../Engine/Content/EditorMaterials/MatineeGroups/MAT_ColorTrack.uasset" 15
"../../../Engine/Content/EditorMaterials/MatineeGroups/MAT_Groups_Anim.uasset" 16
"../../../Engine/Content/EditorMaterials/MatineeGroups/MAT_Groups_AudioMaster.uasset" 17
"../../../Engine/Content/EditorMaterials/MatineeGroups/MAT_Groups_Director.uasset" 18
"../../../Engine/Content/EditorMaterials/MatineeGroups/MAT_Groups_Event.uasset" 19
"../../../Engine/Content/EditorMaterials/MatineeGroups/MAT_Groups_Fade.uasset" 20
"../../../Engine/Content/EditorMaterials/MatineeGroups/MAT_Groups_Float.uasset" 21
"../../../Engine/Content/EditorMaterials/MatineeGroups/MAT_Groups_Move.uasset" 22
"../../../Engine/Content/EditorMaterials/MatineeGroups/MAT_Groups_Slomo.uasset" 23
"../../../Engine/Content/EditorMaterials/MatineeGroups/MAT_Groups_Sound.uasset" 24
"../../../Engine/Content/EditorMaterials/MatineeGroups/MAT_Groups_Vector.uasset" 25
"../../../Engine/Content/EditorMaterials/ParticleSystems/PSysThumbnail_NoImage.uasset" 26
"../../../Engine/Content/EditorMaterials/ParticleSystems/PSysThumbnail_OOD.uasset" 27
"../../../Engine/Content/EditorMaterials/Camera/CineMat.uasset" 28
"../../../Engine/Content/EditorMaterials/Camera/MI_CineMat_Rig.uasset" 29
"../../../Engine/Content/EditorMeshes/Camera/SM_CraneRig_Arm.uasset" 30
"../../../Engine/Content/EditorMeshes/Camera/SM_CraneRig_Base.uasset" 31
"../../../Engine/Content/EditorMeshes/Camera/SM_CraneRig_Body.uasset" 32
"../../../Engine/Content/EditorMeshes/Camera/SM_CraneRig_Mount.uasset" 33
"../../../Engine/Content/EditorMeshes/Camera/SM_RailRig_Mount.uasset" 34
"../../../Engine/Content/EditorMeshes/Camera/SM_RailRig_Track.uasset" 35
"../../../Engine/Content/EditorResources/BSPVertex.uasset" 36
"../../../Engine/Content/EditorResources/EmptyActor.uasset" 37
"../../../Engine/Content/EditorResources/S_Actor.uasset" 38
"../../../Engine/Content/EditorResources/S_Note.uasset" 39
"../../../Engine/Content/EditorResources/S_Solver.uasset" 40
"../../../Engine/Content/EditorResources/S_Trigger.uasset" 41
"../../../Engine/Content/EditorResources/AudioIcons/S_AudioComponent.uasset" 42
"../../../Engine/Content/EditorResources/AudioIcons/S_AudioComponent_AutoActivate.uasset" 43
"../../../Engine/Content/EditorResources/LightIcons/S_LightError.uasset" 44
"../../../Engine/Content/EditorResources/SequenceRecorder/Countdown.uasset" 45
"../../../Engine/Content/EditorResources/SequenceRecorder/RecordingIndicator.uasset" 46
"../../../Engine/Content/EditorSounds/Notifications/CompileFailed.uasset" 47
"../../../Engine/Content/EditorSounds/Notifications/CompileFailed_Cue.uasset" 48
"../../../Engine/Content/EditorSounds/Notifications/CompileSuccess.uasset" 49
"../../../Engine/Content/EditorSounds/Notifications/CompileStart_Cue.uasset" 50
"../../../Engine/Content/EditorSounds/Notifications/CompileSuccess_Cue.uasset" 51
"../../../Engine/Content/EngineDamageTypes/DmgTypeBP_Environmental.uasset" 52
"../../../Engine/Content/EngineDebugMaterials/DebugEditorMaterial.uasset" 53
"../../../Engine/Content/EngineDebugMaterials/DebugMeshMaterial.uasset" 54
"../../../Engine/Content/EngineDebugMaterials/M_SimpleTranslucent.uasset" 55
"../../../Engine/Content/Functions/Engine_MaterialFunctions02/Utility/CameraDirectionVector.uasset" 56
"../../../Engine/Content/EngineDebugMaterials/VolumeToRender.uasset" 57
"../../../Engine/Content/EngineDebugMaterials/M_VolumeRenderSphereTracePP.uasset" 58
"../../../Engine/Content/EngineDebugMaterials/WireframeMaterial.uasset" 59
"../../../Engine/Content/EngineFonts/Faces/DroidSansFallback.uasset" 60
"../../../Engine/Content/EngineFonts/Faces/RobotoBold.uasset" 61
"../../../Engine/Content/EngineFonts/Faces/RobotoBoldItalic.uasset" 62
"../../../Engine/Content/EngineFonts/Faces/RobotoItalic.uasset" 63
"../../../Engine/Content/EngineFonts/Faces/RobotoLight.uasset" 64
"../../../Engine/Content/EngineFonts/Faces/RobotoRegular.uasset" 65
"../../../Engine/Content/EngineFonts/Roboto.uasset" 66
"../../../Engine/Content/EngineMaterials/BaseFlattenDiffuseMap.uasset" 67
"../../../Engine/Content/EngineMaterials/BaseFlattenEmissiveMap.uasset" 68
"../../../Engine/Content/EngineMaterials/BaseFlattenGrayscaleMap.uasset" 69
"../../../Engine/Content/EngineMaterials/BaseFlattenNormalMap.uasset" 70
"../../../Engine/Content/EngineMaterials/BaseFlattenMaterial.uasset" 71
"../../../Engine/Content/EngineMaterials/BlueNoise.uasset" 72
"../../../Engine/Content/EngineMaterials/DefaultBloomKernel.uasset" 73
"../../../Engine/Content/EngineMaterials/DefaultBokeh.uasset" 74
"../../../Engine/Content/EngineMaterials/DefaultDiffuse.uasset" 75
"../../../Engine/Content/EngineMaterials/DefaultDeferredDecalMaterial.uasset" 76
"../../../Engine/Content/EngineMaterials/DefaultLightFunctionMaterial.uasset" 77
"../../../Engine/Content/EngineMaterials/DefaultPhysicalMaterial.uasset" 78
"../../../Engine/Content/Functions/Engine_MaterialFunctions02/Utility/BreakOutFloat2Components.uasset" 79
"../../../Engine/Content/EngineMaterials/DefaultPostProcessMaterial.uasset" 80
"../../../Engine/Content/EngineFonts/RobotoDistanceField.uasset" 81
"../../../Engine/Content/EngineMaterials/DefaultTextMaterialOpaque.uasset" 82
"../../../Engine/Content/EngineMaterials/DefaultVirtualTextureMaterial.uasset" 83
"../../../Engine/Content/EngineMaterials/DefaultWhiteGrid.uasset" 84
"../../../Engine/Content/EngineMaterials/DefaultWhiteGrid_Low.uasset" 85
"../../../Engine/Content/EngineMaterials/EmissiveMeshMaterial.uasset" 86
"../../../Engine/Content/EngineMaterials/GizmoMaterial.uasset" 87
"../../../Engine/Content/EngineMaterials/HairDefaultMaterial.uasset" 88
"../../../Engine/Content/EngineMaterials/MiniFont.uasset" 89
"../../../Engine/Content/EngineMaterials/InvalidLightmapSettings.uasset" 90
"../../../Engine/Content/EngineMaterials/M_InvalidLightmapSettings.uasset" 91
"../../../Engine/Content/Functions/Engine_MaterialFunctions02/WorldPositionOffset/CameraOffset.uasset" 92
"../../../Engine/Content/EngineMaterials/PhAT_JointLimitMaterial.uasset" 93
"../../../Engine/Content/EngineMaterials/PreintegratedSkinBRDF.uasset" 94
"../../../Engine/Content/EngineMaterials/RemoveSurfaceMaterial.uasset" 95
"../../../Engine/Content/EngineMaterials/WeightMapPlaceholderTexture.uasset" 96
"../../../Engine/Content/EngineResources/WhiteSquareTexture.uasset" 97
"../../../Engine/Content/EngineMaterials/Widget3DPassThrough.uasset" 98
"../../../Engine/Content/EngineMaterials/Widget3DPassThrough_Masked.uasset" 99
"../../../Engine/Content/EngineMaterials/Widget3DPassThrough_Opaque.uasset" 100
"../../../Engine/Content/EngineMaterials/Widget3DPassThrough_Masked_OneSided.uasset" 101
"../../../Engine/Content/EngineMaterials/Widget3DPassThrough_Opaque_OneSided.uasset" 102
"../../../Engine/Content/EngineMaterials/Widget3DPassThrough_Translucent.uasset" 103
"../../../Engine/Content/EngineMaterials/Widget3DPassThrough_Translucent_OneSided.uasset" 104
"../../../Engine/Content/EngineMeshes/Cube.uasset" 105
"../../../Engine/Content/EngineMeshes/Cylinder.uasset" 106
"../../../Engine/Content/EngineMeshes/Sphere.uasset" 107
"../../../Engine/Content/EngineResources/Black.uasset" 108
"../../../Engine/Content/EngineResources/DefaultTexture.uasset" 109
"../../../Engine/Content/EngineResources/DefaultTextureCube.uasset" 110
"../../../Engine/Content/EngineResources/DefaultVolumeTexture2D.uasset" 111
"../../../Engine/Content/EngineResources/DefaultVolumeTexture.uasset" 112
"../../../Engine/Content/EngineResources/GradientTexture0.uasset" 113
"../../../Engine/Content/EngineSounds/Master.uasset" 114
"../../../Engine/Content/Functions/Engine_MaterialFunctions01/Shading/ConvertFromDiffSpec.uasset" 115
"../../../Engine/Content/Functions/Engine_MaterialFunctions01/Shading/PowerToRoughness.uasset" 116
"../../../Engine/Content/Maps/Templates/Thumbnails/Default.uasset" 117
"../../../Engine/Content/Maps/Templates/Thumbnails/TimeOfDay.uasset" 118
"../../../Engine/Content/Maps/Templates/Thumbnails/VR-Basic.uasset" 119
"../../../Engine/Content/MobileResources/T_MobileControls_texture.uasset" 120
"../../../Engine/Content/MobileResources/T_MobileMenu2.uasset" 121
"../../../Engine/Content/MobileResources/HUD/AnalogHat.uasset" 122
"../../../Engine/Content/MobileResources/HUD/VirtualJoystick_Background.uasset" 123
"../../../Engine/Content/MobileResources/HUD/VirtualJoystick_Thumb.uasset" 124
"../../../Engine/Content/MobileResources/HUD/DefaultVirtualJoysticks.uasset" 125
"../../../Engine/Content/MobileResources/HUD/LeftVirtualJoystickOnly.uasset" 126
"../../../Engine/Content/MobileResources/HUD/MobileHUDButton1_off.uasset" 127
"../../../Engine/Content/MobileResources/HUD/MobileHUDButton1_on.uasset" 128
"../../../Engine/Content/MobileResources/HUD/MobileHUDButton2_off.uasset" 129
"../../../Engine/Content/MobileResources/HUD/MobileHUDButton2_on.uasset" 130
"../../../Engine/Content/MobileResources/HUD/MobileHUDButton3.uasset" 131
"../../../Engine/Content/MobileResources/HUD/MobileHUDButtonFire.uasset" 132
"../../../Engine/Content/MobileResources/HUD/MobileHUDDirectionPad.uasset" 133
"../../../Engine/Content/MobileResources/HUD/MobileHUDDirectionPad2.uasset" 134
"../../../Engine/Content/MobileResources/HUD/MobileHUDDirectionPad3.uasset" 135
"../../../Engine/Content/MobileResources/HUD/MobileHUDDirectionStick.uasset" 136
"../../../Engine/Content/MobileResources/HUD/T_Castle_ThumbstickInner.uasset" 137
"../../../Engine/Content/MobileResources/HUD/T_Castle_ThumbstickOutter.uasset" 138
"../../../Engine/Content/Tutorial/ContentIntroCurve.uasset" 139
"../../../Engine/Content/Tutorial/Basics/LevelEditorAttract.uasset" 140
"../../../Engine/Content/Tutorial/Basics/TutorialAssets/icon_tab_Levels_40x.uasset" 141
"../../../Engine/Content/Tutorial/Basics/LevelEditorOverview.uasset" 142
"../../../Engine/Content/Tutorial/BlueprintTutorials/TutorialAssets/Blueprint_64x.uasset" 143
"../../../Engine/Content/Tutorial/BlueprintTutorials/BlueprintEditorTutorial.uasset" 144
"../../../Engine/Content/Tutorial/Installation/InstallingVisualStudioTutorial.uasset" 145
"../../../Engine/Content/Tutorial/SubEditors/StaticMeshEditorTutorial.uasset" 146
"../../../Engine/Content/VREditor/LaserPointer/VR_LaserPower_01.uasset" 147
"../../../Engine/Content/VREditor/TransformGizmo/TransformGizmoMaterial.uasset" 148
"../../../Engine/Content/VREditor/TransformGizmo/TranslucentTransformGizmoMaterial.uasset" 149
"../../../Engine/Content/VREditor/TransformGizmo/BoundingBoxCorner.uasset" 150
"../../../Engine/Content/VREditor/TransformGizmo/BoundingBoxEdge.uasset" 151
"../../../Engine/Content/VREditor/TransformGizmo/PlaneTranslationHandle.uasset" 152
"../../../Engine/Content/VREditor/TransformGizmo/Main.uasset" 153
"../../../Engine/Content/VREditor/TransformGizmo/Xray.uasset" 154
"../../../Engine/Content/VREditor/TransformGizmo/SM_Sequencer_Key.uasset" 155
"../../../Engine/Content/VREditor/TransformGizmo/SM_Sequencer_Node.uasset" 156
"../../Plugins/2D/Paper2D/Content/PlaceholderTextures/DummySpriteTexture.uasset" 157
"../../Plugins/2D/Paper2D/Content/DummySprite.uasset" 158
"../../Plugins/2D/Paper2D/Content/DefaultPaperTerrainMaterial.uasset" 159
"../../Plugins/2D/Paper2D/Content/DummySpriteTexture.uasset" 160
"../../Plugins/2D/Paper2D/Content/DefaultSpriteMaterial.uasset" 161
"../../Plugins/2D/Paper2D/Content/MaskedUnlitSpriteMaterial.uasset" 162
"../../Plugins/2D/Paper2D/Content/OpaqueUnlitSpriteMaterial.uasset" 163
"../../../Engine/Content/Functions/Engine_MaterialFunctions02/Utility/BreakOutFloat4Components.uasset" 164
"../../../Engine/Content/Functions/Engine_MaterialFunctions02/Utility/MakeFloat2.uasset" 165
"../../../Engine/Content/Functions/Engine_MaterialFunctions02/Utility/MakeFloat3.uasset" 166
"../../Plugins/Runtime/Oculus/OculusVR/Content/Materials/OculusMR_ChromaKey.uasset" 167
"../../Plugins/Runtime/Oculus/OculusVR/Content/Materials/OculusMR_ChromaKey_Lit.uasset" 168
"../../Plugins/Runtime/Oculus/OculusVR/Content/Materials/OculusMR_OpaqueColoredMaterial.uasset" 169
"../../Plugins/Runtime/Oculus/OculusVR/Content/Materials/OculusMR_WhiteMaterial.uasset" 170
"../../../../../../Users/Downthehollow/Documents/UnrealProjects/TalkItOut/Content/MobileStarterContent/Meshes/Having_A_Meeting__Male_Skeleton.uasset" 171
"../../../../../../Users/Downthehollow/Documents/UnrealProjects/TalkItOut/Content/MobileStarterContent/Meshes/Having_A_Meeting__Male_Anim_mixamo_com.uasset" 172
"../../../../../../Users/Downthehollow/Documents/UnrealProjects/TalkItOut/Content/MobileStarterContent/Meshes/Sitting.uasset" 173
"../../../../../../Users/Downthehollow/Documents/UnrealProjects/TalkItOut/Content/VirtualReality/Mannequin/Character/Mesh/MannequinHand_Right_Skeleton.uasset" 174
"../../../../../../Users/Downthehollow/Documents/UnrealProjects/TalkItOut/Content/VirtualReality/Mannequin/Animations/MannequinHand_Right_CanGrab.uasset" 175
"../../../../../../Users/Downthehollow/Documents/UnrealProjects/TalkItOut/Content/VirtualReality/Mannequin/Animations/MannequinHand_Right_Grab.uasset" 176
"../../../../../../Users/Downthehollow/Documents/UnrealProjects/TalkItOut/Content/VirtualReality/Mannequin/Animations/MannequinHand_Right_Open.uasset" 177
"../../../../../../Users/Downthehollow/Documents/UnrealProjects/TalkItOut/Content/VirtualReality/Mannequin/Animations/RightGrip_BS.uasset" 178
"../../../../../../Users/Downthehollow/Documents/UnrealProjects/TalkItOut/Content/VirtualRealityBP/Blueprints/GripEnum.uasset" 179
"../../../../../../Users/Downthehollow/Documents/UnrealProjects/TalkItOut/Content/VirtualReality/Mannequin/Animations/RightHand_AnimBP.uasset" 180
"../../../Engine/Content/EditorBlueprintResources/StandardMacros.uasset" 181
"../../../../../../Users/Downthehollow/Documents/UnrealProjects/TalkItOut/Content/VirtualRealityBP/Blueprints/PickupActorInterface.uasset" 182
"../../../../../../Users/Downthehollow/Documents/UnrealProjects/TalkItOut/Content/VirtualRealityBP/Blueprints/MotionControllerHaptics.uasset" 183
"../../../Engine/Content/Functions/Engine_MaterialFunctions01/Texturing/ScaleUVsByCenter.uasset" 184
"../../../Engine/Content/Functions/Engine_MaterialFunctions02/ScreenResolution.uasset" 185
"../../../Engine/Content/Functions/Engine_MaterialFunctions02/Texturing/ScreenAlignedUVs.uasset" 186
"../../../Engine/Content/Functions/Engine_MaterialFunctions02/Utility/DepthFromWorldPosition.uasset" 187
"../../../../../../Users/Downthehollow/Documents/UnrealProjects/TalkItOut/Content/VirtualReality/Materials/MF_OccludedPixels.uasset" 188
"../../../../../../Users/Downthehollow/Documents/UnrealProjects/TalkItOut/Content/VirtualReality/Materials/TeleportMCP.uasset" 189
"../../../Engine/Content/EngineMaterials/Good64x64TilingNoiseHighFreq.uasset" 190
"../../../../../../Users/Downthehollow/Documents/UnrealProjects/TalkItOut/Content/VirtualReality/Materials/M_ArcEndpoint.uasset" 191
"../../../../../../Users/Downthehollow/Documents/UnrealProjects/TalkItOut/Content/VirtualReality/Materials/M_SplineArcMat.uasset" 192
"../../../../../../Users/Downthehollow/Documents/UnrealProjects/TalkItOut/Content/VirtualReality/Materials/M_TeleportPreviews.uasset" 193
"../../../../../../Users/Downthehollow/Documents/UnrealProjects/TalkItOut/Content/VirtualReality/Materials/MI_ChaperoneOutline.uasset" 194
"../../../../../../Users/Downthehollow/Documents/UnrealProjects/TalkItOut/Content/VirtualReality/Materials/MI_TeleportCylinderPreview.uasset" 195
"../../../Engine/Content/BasicShapes/Cylinder.uasset" 196
"../../../Engine/Content/BasicShapes/Sphere.uasset" 197
"../../../../../../Users/Downthehollow/Documents/UnrealProjects/TalkItOut/Content/VirtualReality/Mannequin/Character/Textures/UE4_Mannequin__normals.uasset" 198
"../../../../../../Users/Downthehollow/Documents/UnrealProjects/TalkItOut/Content/VirtualReality/Mannequin/Character/Textures/UE4_Mannequin_MAT_MASKA.uasset" 199
"../../../../../../Users/Downthehollow/Documents/UnrealProjects/TalkItOut/Content/VirtualReality/Mannequin/Character/Materials/M_HandMat.uasset" 200
"../../../../../../Users/Downthehollow/Documents/UnrealProjects/TalkItOut/Content/VirtualReality/Mannequin/Character/Mesh/MannequinHand_Right_PhysicsAsset.uasset" 201
"../../../../../../Users/Downthehollow/Documents/UnrealProjects/TalkItOut/Content/VirtualReality/Mannequin/Character/Mesh/MannequinHand_Right.uasset" 202
"../../../../../../Users/Downthehollow/Documents/UnrealProjects/TalkItOut/Content/VirtualReality/Meshes/1x1_cube.uasset" 203
"../../../../../../Users/Downthehollow/Documents/UnrealProjects/TalkItOut/Content/VirtualReality/Meshes/BeaconDirection.uasset" 204
"../../../../../../Users/Downthehollow/Documents/UnrealProjects/TalkItOut/Content/VirtualReality/Meshes/BeamMesh.uasset" 205
"../../../../../../Users/Downthehollow/Documents/UnrealProjects/TalkItOut/Content/VirtualReality/Meshes/SM_FatCylinder.uasset" 206
"../../../../../../Users/Downthehollow/Documents/UnrealProjects/TalkItOut/Content/VirtualRealityBP/Blueprints/BP_MotionController.uasset" 207
"../../../../../../Users/Downthehollow/Documents/UnrealProjects/TalkItOut/Content/VirtualRealityBP/Blueprints/MotionControllerPawn.uasset" 208
"../../../../../../Users/Downthehollow/Documents/UnrealProjects/TalkItOut/Content/Audio/Recordings/Mirror.uasset" 209
"../../../../../../Users/Downthehollow/Documents/UnrealProjects/TalkItOut/Content/Audio/Submixes/MirrorSubmix.uasset" 210
"../../../../../../Users/Downthehollow/Documents/UnrealProjects/TalkItOut/Content/MobileStarterContent/Meshes/Beta_HighLimbsGeoSG2.uasset" 211
"../../../../../../Users/Downthehollow/Documents/UnrealProjects/TalkItOut/Content/MobileStarterContent/Meshes/Beta_Joints_MAT.uasset" 212
"../../../../../../Users/Downthehollow/Documents/UnrealProjects/TalkItOut/Content/MobileStarterContent/Meshes/Having_A_Meeting__Male_PhysicsAsset.uasset" 213
"../../../../../../Users/Downthehollow/Documents/UnrealProjects/TalkItOut/Content/MobileStarterContent/Meshes/Having_A_Meeting__Male.uasset" 214
"../../../../../../Users/Downthehollow/Documents/UnrealProjects/TalkItOut/Content/Person2.uasset" 215
"../../../../../../Users/Downthehollow/Documents/UnrealProjects/TalkItOut/Content/MobileStarterContent/Meshes/Laying_Shaking_Head_Skeleton.uasset" 216
"../../../../../../Users/Downthehollow/Documents/UnrealProjects/TalkItOut/Content/MobileStarterContent/Meshes/Laying_Shaking_Head_Anim_mixamo_com.uasset" 217
"../../../../../../Users/Downthehollow/Documents/UnrealProjects/TalkItOut/Content/Audio/Recordings/Player.uasset" 218
"../../../../../../Users/Downthehollow/Documents/UnrealProjects/TalkItOut/Content/Audio/Submixes/PlayerSubmix.uasset" 219
"../../../../../../Users/Downthehollow/Documents/UnrealProjects/TalkItOut/Content/MobileStarterContent/Meshes/Laying_Shaking_Head_PhysicsAsset.uasset" 220
"../../../../../../Users/Downthehollow/Documents/UnrealProjects/TalkItOut/Content/MobileStarterContent/Meshes/Laying_Shaking_Head.uasset" 221
"../../../../../../Users/Downthehollow/Documents/UnrealProjects/TalkItOut/Content/PersonOne.uasset" 222
"../../../../../../Users/Downthehollow/Documents/UnrealProjects/TalkItOut/Content/Blueprints/MyGame.uasset" 223
"../../../../../../Users/Downthehollow/Documents/UnrealProjects/TalkItOut/Content/temp/tempRoom_BuiltData.uasset" 224
"../../../../../../Users/Downthehollow/Documents/UnrealProjects/TalkItOut/Content/ArchVis/Textures/T_Background_D.uasset" 225
"../../../../../../Users/Downthehollow/Documents/UnrealProjects/TalkItOut/Content/ArchVis/Materials/M_Background_dome.uasset" 226
"../../../../../../Users/Downthehollow/Documents/UnrealProjects/TalkItOut/Content/ArchVis/Textures/T_coffeeStain_M.uasset" 227
"../../../../../../Users/Downthehollow/Documents/UnrealProjects/TalkItOut/Content/ArchVis/Materials/M_CoffeeRings.uasset" 228
"../../../Engine/Content/Functions/Engine_MaterialFunctions02/Utility/BlendAngleCorrectedNormals.uasset" 229
"../../../../../../Users/Downthehollow/Documents/UnrealProjects/TalkItOut/Content/ArchVis/Textures/T_Frame_M.uasset" 230
"../../../../../../Users/Downthehollow/Documents/UnrealProjects/TalkItOut/Content/ArchVis/Textures/T_Frame_N.uasset" 231
"../../../../../../Users/Downthehollow/Documents/UnrealProjects/TalkItOut/Content/ArchVis/Textures/T_Paint_N.uasset" 232
"../../../../../../Users/Downthehollow/Documents/UnrealProjects/TalkItOut/Content/ArchVis/Textures/T_Painting4_D.uasset" 233
"../../../../../../Users/Downthehollow/Documents/UnrealProjects/TalkItOut/Content/ArchVis/Textures/T_Painting_D.uasset" 234
"../../../../../../Users/Downthehollow/Documents/UnrealProjects/TalkItOut/Content/ArchVis/Textures/T_Painting_N.uasset" 235
"../../../../../../Users/Downthehollow/Documents/UnrealProjects/TalkItOut/Content/ArchVis/Textures/T_Wood.uasset" 236
"../../../../../../Users/Downthehollow/Documents/UnrealProjects/TalkItOut/Content/ArchVis/Textures/T_Wood_S.uasset" 237
"../../../../../../Users/Downthehollow/Documents/UnrealProjects/TalkItOut/Content/ArchVis/Materials/M_Painting_3.uasset" 238
"../../../../../../Users/Downthehollow/Documents/UnrealProjects/TalkItOut/Content/ArchVis/Materials/M_Wire.uasset" 239
"../../../../../../Users/Downthehollow/Documents/UnrealProjects/TalkItOut/Content/ArchVis/Materials/M_CoffeeRings_Inst1.uasset" 240
"../../../../../../Users/Downthehollow/Documents/UnrealProjects/TalkItOut/Content/ArchVis/Materials/M_CoffeeRings_Inst2.uasset" 241
"../../../../../../Users/Downthehollow/Documents/UnrealProjects/TalkItOut/Content/ArchVis/Materials/M_CoffeeRings_Inst3.uasset" 242
"../../../../../../Users/Downthehollow/Documents/UnrealProjects/TalkItOut/Content/ArchVis/Textures/T_Cloth_D.uasset" 243
"../../../../../../Users/Downthehollow/Documents/UnrealProjects/TalkItOut/Content/ArchVis/Textures/T_Cloth_N.uasset" 244
"../../../../../../Users/Downthehollow/Documents/UnrealProjects/TalkItOut/Content/ArchVis/Textures/T_Fabric_M.uasset" 245
"../../../../../../Users/Downthehollow/Documents/UnrealProjects/TalkItOut/Content/ArchVis/Textures/T_Fabric_N.uasset" 246
"../../../../../../Users/Downthehollow/Documents/UnrealProjects/TalkItOut/Content/ArchVis/Materials/M_Curtain_MAT.uasset" 247
"../../../../../../Users/Downthehollow/Documents/UnrealProjects/TalkItOut/Content/ArchVis/Materials/M_Curtain_MAT_White_Inst.uasset" 248
"../../../../../../Users/Downthehollow/Documents/UnrealProjects/TalkItOut/Content/ArchVis/Textures/T_FloorLamp_AO.uasset" 249
"../../../../../../Users/Downthehollow/Documents/UnrealProjects/TalkItOut/Content/ArchVis/Textures/T_FloorLamp_M.uasset" 250
"../../../../../../Users/Downthehollow/Documents/UnrealProjects/TalkItOut/Content/ArchVis/Textures/T_FloorLamp_N.uasset" 251
"../../../../../../Users/Downthehollow/Documents/UnrealProjects/TalkItOut/Content/ArchVis/Materials/M_FloorLamp_Mat.uasset" 252
"../../../../../../Users/Downthehollow/Documents/UnrealProjects/TalkItOut/Content/ArchVis/Materials/M_FloorLamp_Mat_Inst2.uasset" 253
"../../../../../../Users/Downthehollow/Documents/UnrealProjects/TalkItOut/Content/ArchVis/Textures/T_Mug_M.uasset" 254
"../../../../../../Users/Downthehollow/Documents/UnrealProjects/TalkItOut/Content/ArchVis/Textures/T_Mug_N.uasset" 255
"../../../../../../Users/Downthehollow/Documents/UnrealProjects/TalkItOut/Content/ArchVis/Textures/T_MugLogo_D.uasset" 256
"../../../../../../Users/Downthehollow/Documents/UnrealProjects/TalkItOut/Content/ArchVis/Materials/M_Mug.uasset" 257
"../../../../../../Users/Downthehollow/Documents/UnrealProjects/TalkItOut/Content/ArchVis/Materials/M_Mug_Inst.uasset" 258
"../../../../../../Users/Downthehollow/Documents/UnrealProjects/TalkItOut/Content/ArchVis/Textures/T_Painting2_D.uasset" 259
"../../../../../../Users/Downthehollow/Documents/UnrealProjects/TalkItOut/Content/ArchVis/Materials/M_Painting_2_Inst.uasset" 260
"../../../../../../Users/Downthehollow/Documents/UnrealProjects/TalkItOut/Content/ArchVis/Textures/T_Painting3_D.uasset" 261
"../../../../../../Users/Downthehollow/Documents/UnrealProjects/TalkItOut/Content/ArchVis/Materials/M_Painting_3_Inst.uasset" 262
"../../../../../../Users/Downthehollow/Documents/UnrealProjects/TalkItOut/Content/ArchVis/Textures/T_RoundCeilingLight_AO.uasset" 263
"../../../../../../Users/Downthehollow/Documents/UnrealProjects/TalkItOut/Content/ArchVis/Textures/T_RoundCeilingLight_M.uasset" 264
"../../../../../../Users/Downthehollow/Documents/UnrealProjects/TalkItOut/Content/ArchVis/Textures/T_RoundCeilingLight_N.uasset" 265
"../../../../../../Users/Downthehollow/Documents/UnrealProjects/TalkItOut/Content/ArchVis/Materials/M_RoundCeilingLight_Mat.uasset" 266
"../../../../../../Users/Downthehollow/Documents/UnrealProjects/TalkItOut/Content/ArchVis/Materials/M_RoundCeilingLight_Mat_Inst.uasset" 267
"../../../../../../Users/Downthehollow/Documents/UnrealProjects/TalkItOut/Content/ArchVis/Materials/M_RoundCeilingLight_Mat_LIT_Inst.uasset" 268
"../../../../../../Users/Downthehollow/Documents/UnrealProjects/TalkItOut/Content/ArchVis/Textures/T_StoneMix_D.uasset" 269
"../../../../../../Users/Downthehollow/Documents/UnrealProjects/TalkItOut/Content/ArchVis/Textures/T_StoneMix_N.uasset" 270
"../../../../../../Users/Downthehollow/Documents/UnrealProjects/TalkItOut/Content/ArchVis/Textures/T_Tiles_M.uasset" 271
"../../../../../../Users/Downthehollow/Documents/UnrealProjects/TalkItOut/Content/ArchVis/Textures/T_Tiles_N.uasset" 272
"../../../../../../Users/Downthehollow/Documents/UnrealProjects/TalkItOut/Content/ArchVis/Materials/M_Tiles_Mat.uasset" 273
"../../../../../../Users/Downthehollow/Documents/UnrealProjects/TalkItOut/Content/ArchVis/Materials/M_Tiles_Mat_Inst.uasset" 274
"../../../../../../Users/Downthehollow/Documents/UnrealProjects/TalkItOut/Content/ArchVis/Textures/T_PaintedWall_N.uasset" 275
"../../../../../../Users/Downthehollow/Documents/UnrealProjects/TalkItOut/Content/ArchVis/Materials/M_WallPainExterior_MAT.uasset" 276
"../../../../../../Users/Downthehollow/Documents/UnrealProjects/TalkItOut/Content/ArchVis/Materials/M_WallPainExterior_MAT_Inst.uasset" 277
"../../../../../../Users/Downthehollow/Documents/UnrealProjects/TalkItOut/Content/ArchVis/Textures/T_Carpet_D.uasset" 278
"../../../../../../Users/Downthehollow/Documents/UnrealProjects/TalkItOut/Content/ArchVis/Textures/T_Carpet_M.uasset" 279
"../../../../../../Users/Downthehollow/Documents/UnrealProjects/TalkItOut/Content/ArchVis/Textures/T_Carpet_N.uasset" 280
"../../../../../../Users/Downthehollow/Documents/UnrealProjects/TalkItOut/Content/ArchVis/Materials/M_Carptet_Mat.uasset" 281
"../../../../../../Users/Downthehollow/Documents/UnrealProjects/TalkItOut/Content/ArchVis/Materials/MI_Carptet_Mat_Inst2.uasset" 282
"../../../../../../Users/Downthehollow/Documents/UnrealProjects/TalkItOut/Content/ArchVis/Textures/T_Couch_AO.uasset" 283
"../../../../../../Users/Downthehollow/Documents/UnrealProjects/TalkItOut/Content/ArchVis/Textures/T_Couch_Mask.uasset" 284
"../../../../../../Users/Downthehollow/Documents/UnrealProjects/TalkItOut/Content/ArchVis/Textures/T_Couch_N.uasset" 285
"../../../../../../Users/Downthehollow/Documents/UnrealProjects/TalkItOut/Content/ArchVis/Textures/T_Leather_D.uasset" 286
"../../../../../../Users/Downthehollow/Documents/UnrealProjects/TalkItOut/Content/ArchVis/Textures/T_Leather_N.uasset" 287
"../../../../../../Users/Downthehollow/Documents/UnrealProjects/TalkItOut/Content/ArchVis/Textures/T_Leather_S.uasset" 288
"../../../../../../Users/Downthehollow/Documents/UnrealProjects/TalkItOut/Content/ArchVis/Materials/M_Couch_NOSSS_Mat.uasset" 289
"../../../../../../Users/Downthehollow/Documents/UnrealProjects/TalkItOut/Content/ArchVis/Materials/MI_Couch_NOSSS_Mat_Inst.uasset" 290
"../../../Engine/Content/EditorMeshes/EditorPlane.uasset" 291
"../../../Engine/Content/EngineLightProfiles/Complex_IES.uasset" 292
"../../../Engine/Content/MapTemplates/Sky/T_Sky_Stars.uasset" 293
"../../../Engine/Content/MapTemplates/Sky/T_UDK_Sky_CloudMask01_N.uasset" 294
"../../../Engine/Content/MapTemplates/T_UDK_Sky_CloudMask03.uasset" 295
"../../../Engine/Content/MapTemplates/Sky/M_Procedural_Sky_MASTER02.uasset" 296
"../../../Engine/Content/MapTemplates/Sky/SM_SkySphere.uasset" 297
"../../../../../../Users/Downthehollow/Documents/UnrealProjects/TalkItOut/Content/ArchVis/Textures/book_normals.uasset" 298
"../../../../../../Users/Downthehollow/Documents/UnrealProjects/TalkItOut/Content/ArchVis/Textures/book_occlusion.uasset" 299
"../../../../../../Users/Downthehollow/Documents/UnrealProjects/TalkItOut/Content/ArchVis/Textures/T_DustParticles_M.uasset" 300
"../../../../../../Users/Downthehollow/Documents/UnrealProjects/TalkItOut/Content/ArchVis/Materials/M_Book_Mat.uasset" 301
"../../../../../../Users/Downthehollow/Documents/UnrealProjects/TalkItOut/Content/ArchVis/Materials/M_Book_Mat_Inst.uasset" 302
"../../../../../../Users/Downthehollow/Documents/UnrealProjects/TalkItOut/Content/ArchVis/Mesh/BookLP.uasset" 303
"../../../../../../Users/Downthehollow/Documents/UnrealProjects/TalkItOut/Content/ArchVis/Textures/T_Coathook_M.uasset" 304
"../../../../../../Users/Downthehollow/Documents/UnrealProjects/TalkItOut/Content/ArchVis/Textures/T_CoatHook_N.uasset" 305
"../../../../../../Users/Downthehollow/Documents/UnrealProjects/TalkItOut/Content/ArchVis/Materials/M_Coathook.uasset" 306
"../../../../../../Users/Downthehollow/Documents/UnrealProjects/TalkItOut/Content/ArchVis/Mesh/CoatHook.uasset" 307
"../../../../../../Users/Downthehollow/Documents/UnrealProjects/TalkItOut/Content/ArchVis/Textures/T_CoatHookBack_M.uasset" 308
"../../../../../../Users/Downthehollow/Documents/UnrealProjects/TalkItOut/Content/ArchVis/Materials/M_CoathookBack.uasset" 309
"../../../../../../Users/Downthehollow/Documents/UnrealProjects/TalkItOut/Content/ArchVis/Mesh/CoatHookBacking.uasset" 310
"../../../../../../Users/Downthehollow/Documents/UnrealProjects/TalkItOut/Content/ArchVis/Mesh/Mug.uasset" 311
"../../../../../../Users/Downthehollow/Documents/UnrealProjects/TalkItOut/Content/ArchVis/Textures/T_Plug_N.uasset" 312
"../../../../../../Users/Downthehollow/Documents/UnrealProjects/TalkItOut/Content/ArchVis/Materials/M_Plug.uasset" 313
"../../../../../../Users/Downthehollow/Documents/UnrealProjects/TalkItOut/Content/ArchVis/Mesh/Plug.uasset" 314
"../../../Engine/Content/Functions/Engine_MaterialFunctions02/Utility/Swizzle.uasset" 315
"../../../../../../Users/Downthehollow/Documents/UnrealProjects/TalkItOut/Content/ArchVis/Textures/T_DustnScratches_M.uasset" 316
"../../../../../../Users/Downthehollow/Documents/UnrealProjects/TalkItOut/Content/ArchVis/Textures/T_DustnScratches_N.uasset" 317
"../../../../../../Users/Downthehollow/Documents/UnrealProjects/TalkItOut/Content/ArchVis/Textures/T_WoodFloor_AO.uasset" 318
"../../../../../../Users/Downthehollow/Documents/UnrealProjects/TalkItOut/Content/ArchVis/Textures/T_WoodFloor_N.uasset" 319
"../../../../../../Users/Downthehollow/Documents/UnrealProjects/TalkItOut/Content/ArchVis/Materials/M_WoodFloor_MAT.uasset" 320
"../../../../../../Users/Downthehollow/Documents/UnrealProjects/TalkItOut/Content/ArchVis/Materials/M_WoodFloor_MAT_Inst.uasset" 321
"../../../../../../Users/Downthehollow/Documents/UnrealProjects/TalkItOut/Content/ArchVis/Mesh/S_Trim_Floor.uasset" 322
"../../../../../../Users/Downthehollow/Documents/UnrealProjects/TalkItOut/Content/ArchVis/Materials/M_Background_Mat.uasset" 323
"../../../../../../Users/Downthehollow/Documents/UnrealProjects/TalkItOut/Content/ArchVis/Mesh/SM_Background.uasset" 324
"../../../../../../Users/Downthehollow/Documents/UnrealProjects/TalkItOut/Content/ArchVis/Materials/M_WallPainInterior_MAT.uasset" 325
"../../../../../../Users/Downthehollow/Documents/UnrealProjects/TalkItOut/Content/ArchVis/Materials/M_WallPainInterior_MAT_Inst.uasset" 326
"../../../../../../Users/Downthehollow/Documents/UnrealProjects/TalkItOut/Content/ArchVis/Mesh/SM_Balcony.uasset" 327
"../../../../../../Users/Downthehollow/Documents/UnrealProjects/TalkItOut/Content/ArchVis/Materials/M_Black_MAT.uasset" 328
"../../../../../../Users/Downthehollow/Documents/UnrealProjects/TalkItOut/Content/ArchVis/Mesh/SM_BlackBox.uasset" 329
"../../../../../../Users/Downthehollow/Documents/UnrealProjects/TalkItOut/Content/ArchVis/Mesh/SM_BlackBox_Hole.uasset" 330
"../../../../../../Users/Downthehollow/Documents/UnrealProjects/TalkItOut/Content/ArchVis/Materials/M_Ceramic_Mat.uasset" 331
"../../../../../../Users/Downthehollow/Documents/UnrealProjects/TalkItOut/Content/ArchVis/Materials/M_Ceramic_Mat_Inst.uasset" 332
"../../../../../../Users/Downthehollow/Documents/UnrealProjects/TalkItOut/Content/ArchVis/Mesh/SM_Bowl.uasset" 333
"../../../../../../Users/Downthehollow/Documents/UnrealProjects/TalkItOut/Content/ArchVis/Materials/MI_Carptet_Mat_Inst.uasset" 334
"../../../../../../Users/Downthehollow/Documents/UnrealProjects/TalkItOut/Content/ArchVis/Mesh/SM_Carpet.uasset" 335
"../../../../../../Users/Downthehollow/Documents/UnrealProjects/TalkItOut/Content/ArchVis/Mesh/SM_CeilingPiece.uasset" 336
"../../../../../../Users/Downthehollow/Documents/UnrealProjects/TalkItOut/Content/ArchVis/Textures/T_Table_AOMASK.uasset" 337
"../../../../../../Users/Downthehollow/Documents/UnrealProjects/TalkItOut/Content/ArchVis/Textures/T_Table_M.uasset" 338
"../../../../../../Users/Downthehollow/Documents/UnrealProjects/TalkItOut/Content/ArchVis/Textures/T_Table_N.uasset" 339
"../../../../../../Users/Downthehollow/Documents/UnrealProjects/TalkItOut/Content/ArchVis/Materials/M_CoffeTable_MAT.uasset" 340
"../../../../../../Users/Downthehollow/Documents/UnrealProjects/TalkItOut/Content/ArchVis/Materials/M_CoffeTable_MAT_Inst.uasset" 341
"../../../../../../Users/Downthehollow/Documents/UnrealProjects/TalkItOut/Content/ArchVis/Mesh/SM_CoffeeTable.uasset" 342
"../../../../../../Users/Downthehollow/Documents/UnrealProjects/TalkItOut/Content/ArchVis/Mesh/SM_Couch.uasset" 343
"../../../../../../Users/Downthehollow/Documents/UnrealProjects/TalkItOut/Content/ArchVis/Mesh/SM_Couch_1seat.uasset" 344
"../../../../../../Users/Downthehollow/Documents/UnrealProjects/TalkItOut/Content/ArchVis/Materials/M_Curtain_MAT_Inst.uasset" 345
"../../../../../../Users/Downthehollow/Documents/UnrealProjects/TalkItOut/Content/ArchVis/Mesh/SM_Curtain.uasset" 346
"../../../../../../Users/Downthehollow/Documents/UnrealProjects/TalkItOut/Content/ArchVis/Textures/T_Anisotrophic_M.uasset" 347
"../../../../../../Users/Downthehollow/Documents/UnrealProjects/TalkItOut/Content/ArchVis/Textures/T_Anisotrophic_N.uasset" 348
"../../../../../../Users/Downthehollow/Documents/UnrealProjects/TalkItOut/Content/ArchVis/Textures/T_DeskLamp_N.uasset" 349
"../../../../../../Users/Downthehollow/Documents/UnrealProjects/TalkItOut/Content/ArchVis/Materials/M_DeskLamp_Mat.uasset" 350
"../../../../../../Users/Downthehollow/Documents/UnrealProjects/TalkItOut/Content/ArchVis/Materials/M_DeskLamp_Mat_Inst.uasset" 351
"../../../../../../Users/Downthehollow/Documents/UnrealProjects/TalkItOut/Content/ArchVis/Materials/M_FloorLamp_Mat_Inst.uasset" 352
"../../../../../../Users/Downthehollow/Documents/UnrealProjects/TalkItOut/Content/ArchVis/Mesh/SM_DeskLamp.uasset" 353
"../../../../../../Users/Downthehollow/Documents/UnrealProjects/TalkItOut/Content/ArchVis/Textures/T_Door_AOMask.uasset" 354
"../../../../../../Users/Downthehollow/Documents/UnrealProjects/TalkItOut/Content/ArchVis/Textures/T_Door_M.uasset" 355
"../../../../../../Users/Downthehollow/Documents/UnrealProjects/TalkItOut/Content/ArchVis/Textures/T_Door_N.uasset" 356
"../../../../../../Users/Downthehollow/Documents/UnrealProjects/TalkItOut/Content/ArchVis/Materials/M_Door_MAT.uasset" 357
"../../../../../../Users/Downthehollow/Documents/UnrealProjects/TalkItOut/Content/ArchVis/Materials/M_Door_MAT_Inst.uasset" 358
"../../../../../../Users/Downthehollow/Documents/UnrealProjects/TalkItOut/Content/ArchVis/Mesh/SM_Door.uasset" 359
"../../../../../../Users/Downthehollow/Documents/UnrealProjects/TalkItOut/Content/ArchVis/Mesh/SM_FloorLamp.uasset" 360
"../../../../../../Users/Downthehollow/Documents/UnrealProjects/TalkItOut/Content/ArchVis/Mesh/SM_FloorPiece.uasset" 361
"../../../../../../Users/Downthehollow/Documents/UnrealProjects/TalkItOut/Content/ArchVis/Materials/M_Painting_1.uasset" 362
"../../../../../../Users/Downthehollow/Documents/UnrealProjects/TalkItOut/Content/ArchVis/Mesh/SM_Frame_1.uasset" 363
"../../../../../../Users/Downthehollow/Documents/UnrealProjects/TalkItOut/Content/ArchVis/Textures/T_PlantBark_D.uasset" 364
"../../../../../../Users/Downthehollow/Documents/UnrealProjects/TalkItOut/Content/ArchVis/Materials/M_PlantBark_Mat.uasset" 365
"../../../../../../Users/Downthehollow/Documents/UnrealProjects/TalkItOut/Content/ArchVis/Materials/M_PlantBark_Mat_Inst.uasset" 366
"../../../../../../Users/Downthehollow/Documents/UnrealProjects/TalkItOut/Content/ArchVis/Textures/T_PlantLeaf_D.uasset" 367
"../../../../../../Users/Downthehollow/Documents/UnrealProjects/TalkItOut/Content/ArchVis/Textures/T_PlantLeaf_M.uasset" 368
"../../../../../../Users/Downthehollow/Documents/UnrealProjects/TalkItOut/Content/ArchVis/Textures/T_PlantLeaf_N.uasset" 369
"../../../../../../Users/Downthehollow/Documents/UnrealProjects/TalkItOut/Content/ArchVis/Materials/M_PlantLeaf_Mat.uasset" 370
"../../../../../../Users/Downthehollow/Documents/UnrealProjects/TalkItOut/Content/ArchVis/Materials/M_PlantLeaf_Mat_Inst.uasset" 371
"../../../../../../Users/Downthehollow/Documents/UnrealProjects/TalkItOut/Content/ArchVis/Textures/T_PlantPot_M.uasset" 372
"../../../../../../Users/Downthehollow/Documents/UnrealProjects/TalkItOut/Content/ArchVis/Textures/T_PlantPot_N.uasset" 373
"../../../../../../Users/Downthehollow/Documents/UnrealProjects/TalkItOut/Content/ArchVis/Textures/T_PlantSoil_D.uasset" 374
"../../../../../../Users/Downthehollow/Documents/UnrealProjects/TalkItOut/Content/ArchVis/Textures/T_PlantSoil_N.uasset" 375
"../../../../../../Users/Downthehollow/Documents/UnrealProjects/TalkItOut/Content/ArchVis/Materials/M_PlantPot_Mat.uasset" 376
"../../../../../../Users/Downthehollow/Documents/UnrealProjects/TalkItOut/Content/ArchVis/Materials/M_PlantPot_Mat_Inst.uasset" 377
"../../../../../../Users/Downthehollow/Documents/UnrealProjects/TalkItOut/Content/ArchVis/Mesh/SM_Plant.uasset" 378
"../../../../../../Users/Downthehollow/Documents/UnrealProjects/TalkItOut/Content/ArchVis/Textures/T_Galvanized_D.uasset" 379
"../../../../../../Users/Downthehollow/Documents/UnrealProjects/TalkItOut/Content/ArchVis/Textures/T_Galvanized_M.uasset" 380
"../../../../../../Users/Downthehollow/Documents/UnrealProjects/TalkItOut/Content/ArchVis/Textures/T_Galvanized_N.uasset" 381
"../../../../../../Users/Downthehollow/Documents/UnrealProjects/TalkItOut/Content/ArchVis/Textures/T_Railing_AOMASK.uasset" 382
"../../../../../../Users/Downthehollow/Documents/UnrealProjects/TalkItOut/Content/ArchVis/Textures/T_Railing_N.uasset" 383
"../../../../../../Users/Downthehollow/Documents/UnrealProjects/TalkItOut/Content/ArchVis/Materials/M_Railing_MAT.uasset" 384
"../../../../../../Users/Downthehollow/Documents/UnrealProjects/TalkItOut/Content/ArchVis/Materials/M_Railing_MAT_Inst.uasset" 385
"../../../../../../Users/Downthehollow/Documents/UnrealProjects/TalkItOut/Content/ArchVis/Mesh/SM_Railing.uasset" 386
"../../../../../../Users/Downthehollow/Documents/UnrealProjects/TalkItOut/Content/ArchVis/Mesh/SM_Room_OuterShell.uasset" 387
"../../../../../../Users/Downthehollow/Documents/UnrealProjects/TalkItOut/Content/ArchVis/Mesh/SM_RoundCeilingLight.uasset" 388
"../../../../../../Users/Downthehollow/Documents/UnrealProjects/TalkItOut/Content/ArchVis/Textures/T_Shelving_M.uasset" 389
"../../../../../../Users/Downthehollow/Documents/UnrealProjects/TalkItOut/Content/ArchVis/Textures/T_Shelving_N.uasset" 390
"../../../../../../Users/Downthehollow/Documents/UnrealProjects/TalkItOut/Content/ArchVis/Materials/M_Shelving.uasset" 391
"../../../../../../Users/Downthehollow/Documents/UnrealProjects/TalkItOut/Content/ArchVis/Materials/M_Shelving_Inst.uasset" 392
"../../../../../../Users/Downthehollow/Documents/UnrealProjects/TalkItOut/Content/ArchVis/Mesh/SM_Shelving.uasset" 393
"../../../../../../Users/Downthehollow/Documents/UnrealProjects/TalkItOut/Content/ArchVis/Textures/T_CubeMap_Cube.uasset" 394
"../../../../../../Users/Downthehollow/Documents/UnrealProjects/TalkItOut/Content/ArchVis/Materials/M_Glas_MAt.uasset" 395
"../../../../../../Users/Downthehollow/Documents/UnrealProjects/TalkItOut/Content/ArchVis/Materials/M_Glas_MAt_Inst.uasset" 396
"../../../../../../Users/Downthehollow/Documents/UnrealProjects/TalkItOut/Content/ArchVis/Textures/T_SlidingDoor_AOMask.uasset" 397
"../../../../../../Users/Downthehollow/Documents/UnrealProjects/TalkItOut/Content/ArchVis/Textures/T_SlidingDoor_M.uasset" 398
"../../../../../../Users/Downthehollow/Documents/UnrealProjects/TalkItOut/Content/ArchVis/Textures/T_SlidingDoor_N.uasset" 399
"../../../../../../Users/Downthehollow/Documents/UnrealProjects/TalkItOut/Content/ArchVis/Materials/M_SlidingDoor_Mat.uasset" 400
"../../../../../../Users/Downthehollow/Documents/UnrealProjects/TalkItOut/Content/ArchVis/Materials/M_SlidingDoor_Mat_Inst.uasset" 401
"../../../../../../Users/Downthehollow/Documents/UnrealProjects/TalkItOut/Content/ArchVis/Mesh/SM_SlidingDoors.uasset" 402
"../../../../../../Users/Downthehollow/Documents/UnrealProjects/TalkItOut/Content/ArchVis/Textures/T_Socket_M.uasset" 403
"../../../../../../Users/Downthehollow/Documents/UnrealProjects/TalkItOut/Content/ArchVis/Textures/T_Socket_N.uasset" 404
"../../../../../../Users/Downthehollow/Documents/UnrealProjects/TalkItOut/Content/ArchVis/Materials/M_Socket.uasset" 405
"../../../../../../Users/Downthehollow/Documents/UnrealProjects/TalkItOut/Content/ArchVis/Mesh/SM_Socket.uasset" 406
"../../../../../../Users/Downthehollow/Documents/UnrealProjects/TalkItOut/Content/ArchVis/Textures/T_TV_M.uasset" 407
"../../../../../../Users/Downthehollow/Documents/UnrealProjects/TalkItOut/Content/ArchVis/Textures/T_TV_M2.uasset" 408
"../../../../../../Users/Downthehollow/Documents/UnrealProjects/TalkItOut/Content/ArchVis/Textures/T_TV_N.uasset" 409
"../../../../../../Users/Downthehollow/Documents/UnrealProjects/TalkItOut/Content/ArchVis/Materials/M_TV.uasset" 410
"../../../../../../Users/Downthehollow/Documents/UnrealProjects/TalkItOut/Content/ArchVis/Materials/M_TV_Inst.uasset" 411
"../../../../../../Users/Downthehollow/Documents/UnrealProjects/TalkItOut/Content/ArchVis/Mesh/SM_TV.uasset" 412
"../../../../../../Users/Downthehollow/Documents/UnrealProjects/TalkItOut/Content/ArchVis/Mesh/SM_Vase_1.uasset" 413
"../../../../../../Users/Downthehollow/Documents/UnrealProjects/TalkItOut/Content/ArchVis/Mesh/SM_WallPiece1.uasset" 414
"../../../../../../Users/Downthehollow/Documents/UnrealProjects/TalkItOut/Content/ArchVis/Mesh/SM_WallPiece2.uasset" 415
"../../../../../../Users/Downthehollow/Documents/UnrealProjects/TalkItOut/Content/ArchVis/Mesh/SM_WallPiece3.uasset" 416
"../../../../../../Users/Downthehollow/Documents/UnrealProjects/TalkItOut/Content/ArchVis/Mesh/SM_WallPiece4.uasset" 417
"../../../../../../Users/Downthehollow/Documents/UnrealProjects/TalkItOut/Content/ArchVis/Mesh/SM_WallPiece5.uasset" 418
"../../../../../../Users/Downthehollow/Documents/UnrealProjects/TalkItOut/Content/ArchVis/Textures/T_Statue_M.uasset" 419
"../../../../../../Users/Downthehollow/Documents/UnrealProjects/TalkItOut/Content/ArchVis/Textures/T_Statue_N.uasset" 420
"../../../../../../Users/Downthehollow/Documents/UnrealProjects/TalkItOut/Content/ArchVis/Materials/M_Statue.uasset" 421
"../../../../../../Users/Downthehollow/Documents/UnrealProjects/TalkItOut/Content/ArchVis/Materials/M_Statue_Inst.uasset" 422
"../../../../../../Users/Downthehollow/Documents/UnrealProjects/TalkItOut/Content/ArchVis/Mesh/Statue.uasset" 423
"../../../../../../Users/Downthehollow/Documents/UnrealProjects/TalkItOut/Content/ArchVis/Mesh/Switch.uasset" 424
"../../../../../../Users/Downthehollow/Documents/UnrealProjects/TalkItOut/Content/ArchVis/Mesh/Wire1.uasset" 425
"../../../../../../Users/Downthehollow/Documents/UnrealProjects/TalkItOut/Content/temp/tempRoom.umap" 426
"../../../Engine/Content/Maps/Entry_BuiltData.uasset" 427
"../../../Engine/Content/Maps/Entry.umap" 428
